2020-06-07 11:04:23,557 0      [           main] DEBUG ache.ibatis.logging.LogFactory  - Logging initialized using 'class org.apache.ibatis.logging.log4j.Log4jImpl' adapter.
2020-06-07 11:04:23,661 104    [           main] DEBUG source.pooled.PooledDataSource  - PooledDataSource forcefully closed/removed all connections.
2020-06-07 11:04:23,661 104    [           main] DEBUG source.pooled.PooledDataSource  - PooledDataSource forcefully closed/removed all connections.
2020-06-07 11:04:23,661 104    [           main] DEBUG source.pooled.PooledDataSource  - PooledDataSource forcefully closed/removed all connections.
2020-06-07 11:04:23,661 104    [           main] DEBUG source.pooled.PooledDataSource  - PooledDataSource forcefully closed/removed all connections.
2020-06-07 11:04:23,738 181    [           main] DEBUG ansaction.jdbc.JdbcTransaction  - Opening JDBC Connection
2020-06-07 11:04:23,916 359    [           main] DEBUG source.pooled.PooledDataSource  - Created connection 1690287238.
2020-06-07 11:04:23,916 359    [           main] DEBUG ansaction.jdbc.JdbcTransaction  - Setting autocommit to false on JDBC Connection [com.mysql.jdbc.JDBC4Connection@64bfbc86]
2020-06-07 11:04:23,918 361    [           main] DEBUG om.resume.dao.IUserDao.findAll  - ==>  Preparing: select * from user 
2020-06-07 11:04:23,934 377    [           main] DEBUG om.resume.dao.IUserDao.findAll  - ==> Parameters: 
2020-06-07 11:04:23,954 397    [           main] DEBUG om.resume.dao.IUserDao.findAll  - <==      Total: 15
2020-06-07 11:04:23,957 400    [           main] DEBUG ansaction.jdbc.JdbcTransaction  - Resetting autocommit to true on JDBC Connection [com.mysql.jdbc.JDBC4Connection@64bfbc86]
2020-06-07 11:04:23,958 401    [           main] DEBUG ansaction.jdbc.JdbcTransaction  - Closing JDBC Connection [com.mysql.jdbc.JDBC4Connection@64bfbc86]
2020-06-07 11:04:23,958 401    [           main] DEBUG source.pooled.PooledDataSource  - Returned connection 1690287238 to pool.
2020-06-07 11:21:20,872 0      [           main] DEBUG ache.ibatis.logging.LogFactory  - Logging initialized using 'class org.apache.ibatis.logging.log4j.Log4jImpl' adapter.
2020-06-07 11:21:21,009 137    [           main] DEBUG source.pooled.PooledDataSource  - PooledDataSource forcefully closed/removed all connections.
2020-06-07 11:21:21,009 137    [           main] DEBUG source.pooled.PooledDataSource  - PooledDataSource forcefully closed/removed all connections.
2020-06-07 11:21:21,009 137    [           main] DEBUG source.pooled.PooledDataSource  - PooledDataSource forcefully closed/removed all connections.
2020-06-07 11:21:21,009 137    [           main] DEBUG source.pooled.PooledDataSource  - PooledDataSource forcefully closed/removed all connections.
2020-06-07 11:37:10,849 0      [           main] DEBUG ache.ibatis.logging.LogFactory  - Logging initialized using 'class org.apache.ibatis.logging.log4j.Log4jImpl' adapter.
2020-06-07 11:37:10,943 94     [           main] DEBUG source.pooled.PooledDataSource  - PooledDataSource forcefully closed/removed all connections.
2020-06-07 11:37:10,943 94     [           main] DEBUG source.pooled.PooledDataSource  - PooledDataSource forcefully closed/removed all connections.
2020-06-07 11:37:10,943 94     [           main] DEBUG source.pooled.PooledDataSource  - PooledDataSource forcefully closed/removed all connections.
2020-06-07 11:37:10,943 94     [           main] DEBUG source.pooled.PooledDataSource  - PooledDataSource forcefully closed/removed all connections.
2020-06-07 11:37:10,974 125    [           main] DEBUG ansaction.jdbc.JdbcTransaction  - Opening JDBC Connection
2020-06-07 11:37:11,154 305    [           main] DEBUG source.pooled.PooledDataSource  - Created connection 1379435698.
2020-06-07 11:37:11,155 306    [           main] DEBUG ansaction.jdbc.JdbcTransaction  - Setting autocommit to false on JDBC Connection [com.mysql.jdbc.JDBC4Connection@523884b2]
2020-06-07 11:37:11,156 307    [           main] DEBUG om.resume.dao.IUserDao.findAll  - ==>  Preparing: select * from user 
2020-06-07 11:37:11,174 325    [           main] DEBUG om.resume.dao.IUserDao.findAll  - ==> Parameters: 
2020-06-07 11:37:11,192 343    [           main] DEBUG om.resume.dao.IUserDao.findAll  - <==      Total: 15
2020-06-07 11:37:11,200 351    [           main] DEBUG ansaction.jdbc.JdbcTransaction  - Resetting autocommit to true on JDBC Connection [com.mysql.jdbc.JDBC4Connection@523884b2]
2020-06-07 11:37:11,200 351    [           main] DEBUG ansaction.jdbc.JdbcTransaction  - Closing JDBC Connection [com.mysql.jdbc.JDBC4Connection@523884b2]
2020-06-07 11:37:11,200 351    [           main] DEBUG source.pooled.PooledDataSource  - Returned connection 1379435698 to pool.
2020-06-07 16:08:56,303 0      [           main] DEBUG ache.ibatis.logging.LogFactory  - Logging initialized using 'class org.apache.ibatis.logging.log4j.Log4jImpl' adapter.
2020-06-07 16:08:56,553 250    [           main] DEBUG source.pooled.PooledDataSource  - PooledDataSource forcefully closed/removed all connections.
2020-06-07 16:08:56,553 250    [           main] DEBUG source.pooled.PooledDataSource  - PooledDataSource forcefully closed/removed all connections.
2020-06-07 16:08:56,553 250    [           main] DEBUG source.pooled.PooledDataSource  - PooledDataSource forcefully closed/removed all connections.
2020-06-07 16:08:56,553 250    [           main] DEBUG source.pooled.PooledDataSource  - PooledDataSource forcefully closed/removed all connections.
2020-06-07 16:08:56,591 288    [           main] DEBUG ansaction.jdbc.JdbcTransaction  - Opening JDBC Connection
2020-06-07 16:08:56,837 534    [           main] DEBUG source.pooled.PooledDataSource  - Created connection 1379435698.
2020-06-07 16:08:56,837 534    [           main] DEBUG ansaction.jdbc.JdbcTransaction  - Setting autocommit to false on JDBC Connection [com.mysql.jdbc.JDBC4Connection@523884b2]
2020-06-07 16:08:56,837 534    [           main] DEBUG om.resume.dao.IUserDao.findAll  - ==>  Preparing: select * from user 
2020-06-07 16:08:56,857 554    [           main] DEBUG om.resume.dao.IUserDao.findAll  - ==> Parameters: 
2020-06-07 16:08:56,898 595    [           main] DEBUG om.resume.dao.IUserDao.findAll  - <==      Total: 15
2020-06-07 16:08:56,908 605    [           main] DEBUG ansaction.jdbc.JdbcTransaction  - Resetting autocommit to true on JDBC Connection [com.mysql.jdbc.JDBC4Connection@523884b2]
2020-06-07 16:08:56,908 605    [           main] DEBUG ansaction.jdbc.JdbcTransaction  - Closing JDBC Connection [com.mysql.jdbc.JDBC4Connection@523884b2]
2020-06-07 16:08:56,908 605    [           main] DEBUG source.pooled.PooledDataSource  - Returned connection 1379435698 to pool.
